============================= test session starts =============================
platform win32 -- Python 3.14.2, pytest-9.0.2, pluggy-1.6.0 -- C:\Users\davis\AppData\Local\Programs\Python\Python314\python.exe
cachedir: .pytest_cache
hypothesis profile 'default'
rootdir: C:\HB TRACK\Hb Track - Backend
configfile: pytest.ini
plugins: anyio-4.12.0, hypothesis-6.150.0, asyncio-1.3.0, cov-7.0.0, mock-3.15.1, schemathesis-4.8.0
asyncio: mode=Mode.STRICT, debug=False, asyncio_default_fixture_loop_scope=None, asyncio_default_test_loop_scope=function
collecting ... collected 3 items

tests/training/invariants/test_inv_train_040_health_contract.py::TestInvTrain040HealthContract::test_operation_id_exists_in_openapi FAILED [ 33%]
tests/training/invariants/test_inv_train_040_health_contract.py::TestInvTrain040HealthContract::test_method_and_path_match_spec PASSED [ 66%]
tests/training/invariants/test_inv_train_040_health_contract.py::TestInvTrain040HealthContract::test_response_200_documented PASSED [100%]

================================== FAILURES ===================================
______ TestInvTrain040HealthContract.test_operation_id_exists_in_openapi ______
tests\training\invariants\test_inv_train_040_health_contract.py:70: in test_operation_id_exists_in_openapi
    assert expected_operation_id in operation_ids, (
E   AssertionError: operationId 'health_check_api_v1_health_get' not found in openapi.json. Found: ['health_api_v1_health_get', 'liveness_api_v1_health_liveness_get', 'readiness_api_v1_health_readiness_get', 'health_full_api_v1_health_full_get', 'neon_check_and_seed_api_v1_admin_neon_check_and_seed_get', 'health_utc_season_api_v1_admin_health_utc_season_get', 'get_cache_statistics_api_v1_admin_cache_stats_get', 'clear_cache_api_v1_admin_cache_clear_post', 'login_api_v1_auth_login_post', 'get_me_api_v1_auth_me_get', 'get_permissions_api_v1_auth_permissions_get', 'get_context_api_v1_auth_context_get', 'logout_api_v1_auth_logout_post', 'refresh_token_api_v1_auth_refresh_post', 'forgot_password_api_v1_auth_forgot_password_post', 'reset_password_api_v1_auth_reset_password_post', 'set_password_with_token_api_v1_auth_set_password_post', 'welcome_verify_api_v1_auth_welcome_verify_get', 'welcome_complete_api_v1_auth_welcome_complete_post', 'change_password_api_v1_auth_change_password_post', 'initial_setup_api_v1_auth_initial_setup_post', 'get_categories_api_v1_categories_get', 'create_category_api_v1_categories_post', 'get_category_api_v1_categories__category_id__get', 'update_category_api_v1_categories__category_id__put', 'get_seasons_api_v1_seasons_get', 'createSeason', 'getSeason', 'updateSeason', 'deleteSeason', 'interruptSeason', 'cancelSeason', 'get_teams_api_v1_teams_get', 'create_team_api_v1_teams_post', 'get_team_api_v1_teams__team_id__get', 'update_team_api_v1_teams__team_id__patch', 'delete_team_api_v1_teams__team_id__delete', 'update_team_settings_api_v1_teams__team_id__settings_patch', 'reassign_team_coach_api_v1_teams__team_id__coach_patch', 'get_team_coaches_history_api_v1_teams__team_id__coaches_history_get', 'resend_team_member_invite_api_v1_teams__team_id__members__membership_id__resend_invite_post', 'cancel_team_member_invite_api_v1_teams__team_id__members__membership_id__cancel_invite_delete', 'moveAthleteToTeam', 'list_team_registrations_api_v1_teams__team_id__registrations_get', 'get_team_wellness_top_performers_api_v1_teams__team_id__wellness_top_performers_get', 'get_team_staff_api_v1_teams__team_id__staff_get', 'remove_staff_member_api_v1_teams__team_id__staff__membership_id__delete', 'get_athlete_stats_api_v1_athletes_stats_get', 'get_available_today_api_v1_athletes_available_today_get', 'list_athletes_api_v1_athletes_get', 'create_athlete_api_v1_athletes_post', 'get_athlete_api_v1_athletes__athlete_id__get', 'update_athlete_api_v1_athletes__athlete_id__patch', 'delete_athlete_api_v1_athletes__athlete_id__delete', 'get_athlete_badges_api_v1_athletes__athlete_id__badges_get', 'get_athlete_history_api_v1_athletes__athlete_id__history_get', 'get_membership_by_id_api_v1_memberships__membership_id__get', 'update_membership_api_v1_memberships__membership_id__patch', 'end_membership_api_v1_memberships__membership_id__end_post', 'list_memberships_by_organization_api_v1_organizations__organization_id__memberships_get', 'create_membership_for_organization_api_v1_organizations__organization_id__memberships_post', 'listCompetitions', 'createCompetition', 'getCompetitionById', 'updateCompetition', 'createCompetitionV2', 'parsePdfWithAI', 'importFromAI', 'getCompetitionFull', 'listCompetitionPhases', 'createCompetitionPhase', 'updateCompetitionPhase', 'deleteCompetitionPhase', 'listOpponentTeams', 'createOpponentTeam', 'bulkCreateOpponentTeams', 'updateOpponentTeam', 'listCompetitionMatches', 'createCompetitionMatch', 'bulkCreateMatches', 'updateMatchResult', 'getCompetitionStandings', 'list_training_sessions_api_v1_training_sessions_get', 'create_training_session_api_v1_training_sessions_post', 'get_training_session_by_id_api_v1_training_sessions__training_session_id__get', 'update_training_session_api_v1_training_sessions__training_session_id__patch', 'delete_training_session_api_v1_training_sessions__training_session_id__delete', 'restore_training_session_api_v1_training_sessions__training_session_id__restore_post', 'publish_training_session_api_v1_training_sessions__training_session_id__publish_post', 'close_training_session_api_v1_training_sessions__training_session_id__close_post', 'get_session_deviation_api_v1_training_sessions__training_session_id__deviation_get', 'duplicate_training_session_api_v1_training_sessions__training_session_id__duplicate_post', 'get_wellness_status_api_v1_training_sessions__training_session_id__wellness_status_get', 'copy_week_sessions_api_v1_training_sessions_copy_week_post', 'scoped_list_training_sessions_api_v1_teams__team_id__trainings_get', 'scoped_create_training_session_api_v1_teams__team_id__trainings_post', 'scoped_get_training_session_api_v1_teams__team_id__trainings__training_id__get', 'scoped_update_training_session_api_v1_teams__team_id__trainings__training_id__patch', 'scoped_delete_training_session_api_v1_teams__team_id__trainings__training_id__delete', 'scoped_restore_training_session_api_v1_teams__team_id__trainings__training_id__restore_post', 'list_training_cycles_api_v1_training_cycles_get', 'create_training_cycle_api_v1_training_cycles_post', 'get_training_cycle_api_v1_training_cycles__cycle_id__get', 'update_training_cycle_api_v1_training_cycles__cycle_id__patch', 'delete_training_cycle_api_v1_training_cycles__cycle_id__delete', 'get_active_cycles_api_v1_training_cycles_teams__team_id__active_get', 'list_training_microcycles_api_v1_training_microcycles_get', 'create_training_microcycle_api_v1_training_microcycles_post', 'get_current_microcycle_api_v1_training_microcycles_teams__team_id__current_get', 'get_training_microcycle_api_v1_training_microcycles__microcycle_id__get', 'update_training_microcycle_api_v1_training_microcycles__microcycle_id__patch', 'delete_training_microcycle_api_v1_training_microcycles__microcycle_id__delete', 'get_microcycle_summary_api_v1_training_microcycles__microcycle_id__summary_get', 'get_active_alerts_api_v1_training_alerts_suggestions_alerts_team__team_id__active_get', 'get_alert_history_api_v1_training_alerts_suggestions_alerts_team__team_id__history_get', 'get_alert_stats_api_v1_training_alerts_suggestions_alerts_team__team_id__stats_get', 'dismiss_alert_api_v1_training_alerts_suggestions_alerts__alert_id__dismiss_post', 'get_pending_suggestions_api_v1_training_alerts_suggestions_suggestions_team__team_id__pending_get', 'get_suggestion_history_api_v1_training_alerts_suggestions_suggestions_team__team_id__history_get', 'get_suggestion_stats_api_v1_training_alerts_suggestions_suggestions_team__team_id__stats_get', 'apply_suggestion_api_v1_training_alerts_suggestions_suggestions__suggestion_id__apply_post', 'dismiss_suggestion_api_v1_training_alerts_suggestions_suggestions__suggestion_id__dismiss_post', 'list_tags_api_v1_exercise_tags_get', 'create_tag_api_v1_exercise_tags_post', 'update_tag_api_v1_exercise_tags__tag_id__patch', 'list_exercises_api_v1_exercises_get', 'create_exercise_api_v1_exercises_post', 'get_exercise_api_v1_exercises__exercise_id__get', 'update_exercise_api_v1_exercises__exercise_id__patch', 'favorite_exercise_api_v1_exercise_favorites_post', 'list_my_favorites_api_v1_exercise_favorites_get', 'unfavorite_exercise_api_v1_exercise_favorites__exercise_id__delete', 'add_exercise_to_session_api_v1_training_sessions__session_id__exercises_post', 'get_session_exercises_api_v1_training_sessions__session_id__exercises_get', 'bulk_add_exercises_to_session_api_v1_training_sessions__session_id__exercises_bulk_post', 'update_session_exercise_api_v1_training_sessions_exercises__session_exercise_id__patch', 'remove_exercise_from_session_api_v1_training_sessions_exercises__session_exercise_id__delete', 'reorder_session_exercises_api_v1_training_sessions__session_id__exercises_reorder_patch', 'list_session_templates_api_v1_session_templates_get', 'create_session_template_api_v1_session_templates_post', 'get_session_template_api_v1_session_templates__template_id__get', 'update_session_template_api_v1_session_templates__template_id__patch', 'delete_session_template_api_v1_session_templates__template_id__delete', 'toggle_favorite_template_api_v1_session_templates__template_id__favorite_patch', 'list_audit_logs_api_v1_audit_logs_get', 'get_audit_log_by_id_api_v1_audit_logs__audit_log_id__get', 'create_team_registration_api_v1_teams__team_id__registrations__athlete_id__post', 'update_team_registration_api_v1_teams__team_id__registrations__registration_id__patch', 'get_team_registration_api_v1_teams__team_id__registrations__registration_id__get', 'listCompetitionSeasonsByCompetition', 'createCompetitionSeasonForCompetition', 'getCompetitionSeasonById', 'updateCompetitionSeason', 'listCompetitionSeasons', 'scoped_list_matches_api_v1_teams__team_id__matches_get', 'scoped_create_match_api_v1_teams__team_id__matches_post', 'scoped_get_match_api_v1_teams__team_id__matches__match_id__get', 'scoped_update_match_api_v1_teams__team_id__matches__match_id__patch', 'scoped_delete_match_api_v1_teams__team_id__matches__match_id__delete', 'scoped_get_match_with_events_api_v1_teams__team_id__matches__match_id__with_events_get', 'scoped_update_match_status_api_v1_teams__team_id__matches__match_id__status_post', 'scoped_restore_match_api_v1_teams__team_id__matches__match_id__restore_post', 'list_match_teams_api_v1_matches_matches__match_id__teams_get', 'add_team_to_match_api_v1_matches_matches__match_id__teams_post', 'update_match_team_api_v1_matches_match_teams__match_team_id__patch', 'scoped_list_match_teams_api_v1_teams__team_id__matches__match_id__teams_get', 'scoped_add_team_to_match_api_v1_teams__team_id__matches__match_id__teams_post', 'scoped_update_match_team_api_v1_teams__team_id__matches__match_id__teams__side__patch', 'list_match_roster_api_v1_matches_matches__match_id__roster_get', 'add_athlete_to_match_api_v1_matches_matches__match_id__roster_post', 'update_match_roster_api_v1_matches_match_roster__match_roster_id__patch', 'scoped_list_match_roster_api_v1_teams__team_id__matches__match_id__roster_get', 'scoped_add_athlete_to_match_api_v1_teams__team_id__matches__match_id__roster_post', 'scoped_update_match_roster_api_v1_teams__team_id__matches__match_id__roster__roster_id__patch', 'scoped_delete_from_roster_api_v1_teams__team_id__matches__match_id__roster__athlete_id__delete', 'listMatchEvents', 'addEventToMatch', 'updateMatchEvent', 'deleteMatchEvent', 'correctMatchEvent', 'getAthleteMatchStats', 'bulkCreateMatchEvents', 'scoped_list_match_events_api_v1_teams__team_id__matches__match_id__events_get', 'scoped_add_event_to_match_api_v1_teams__team_id__matches__match_id__events_post', 'scoped_update_match_event_api_v1_teams__team_id__matches__match_id__match_events__match_event_id__patch', 'scoped_delete_match_event_api_v1_teams__team_id__matches__match_id__match_events__match_event_id__delete', 'scoped_correct_match_event_api_v1_teams__team_id__matches__match_id__match_events__match_event_id__correct_post', 'scoped_get_athlete_match_stats_api_v1_teams__team_id__matches__match_id__stats_athlete__athlete_id__get', 'scoped_bulk_create_match_events_api_v1_teams__team_id__matches__match_id__events_bulk_post', 'list_attendance_by_session_api_v1_training_sessions__training_session_id__attendance_get', 'add_attendance_to_session_api_v1_training_sessions__training_session_id__attendance_post', 'add_attendance_batch_api_v1_training_sessions__training_session_id__attendance_batch_post', 'update_attendance_api_v1_attendance__attendance_id__patch', 'get_session_attendance_statistics_api_v1_training_sessions__training_session_id__attendance_statistics_get', 'correct_attendance_administrative_api_v1_attendance__attendance_id__correct_post', 'list_wellness_pre_by_session_api_v1_wellness_pre_training_sessions__training_session_id__wellness_pre_get', 'add_wellness_pre_to_session_api_v1_wellness_pre_training_sessions__training_session_id__wellness_pre_post', 'get_wellness_pre_status_api_v1_wellness_pre_training_sessions__training_session_id__wellness_pre_status_get', 'get_wellness_pre_by_id_api_v1_wellness_pre_wellness_pre__wellness_pre_id__get', 'update_wellness_pre_api_v1_wellness_pre_wellness_pre__wellness_pre_id__patch', 'request_wellness_unlock_api_v1_wellness_pre_wellness_pre__wellness_pre_id__request_unlock_post', 'list_wellness_post_by_session_api_v1_wellness_post_training_sessions__training_session_id__wellness_post_get', 'add_wellness_post_to_session_api_v1_wellness_post_training_sessions__training_session_id__wellness_post_post', 'get_wellness_post_status_api_v1_wellness_post_training_sessions__training_session_id__wellness_post_status_get', 'get_wellness_post_by_id_api_v1_wellness_post_wellness_post__wellness_post_id__get', 'update_wellness_post_api_v1_wellness_post_wellness_post__wellness_post_id__patch', 'get_wellness_rankings_api_v1_analytics_wellness_rankings_get', 'get_team_athletes_90plus_api_v1_analytics_wellness_rankings__team_id__athletes_90plus_get', 'calculate_rankings_manually_api_v1_analytics_wellness_rankings_calculate_post', 'get_team_summary_api_v1_analytics_team__team_id__summary_get', 'get_weekly_load_api_v1_analytics_team__team_id__weekly_load_get', 'get_deviation_analysis_api_v1_analytics_team__team_id__deviation_analysis_get', 'get_prevention_effectiveness_api_v1_analytics_team__team_id__prevention_effectiveness_get', 'list_users_api_v1_users_get', 'create_user_api_v1_users_post', 'get_current_user_profile_api_v1_users_me_get', 'get_user_by_id_api_v1_users__user_id__get', 'update_user_api_v1_users__user_id__patch', 'delete_user_api_v1_users__user_id__delete', 'reset_user_password_api_v1_users__user_id__reset_password_post', 'get_organizations_api_v1_organizations_get', 'create_organization_api_v1_organizations_post', 'get_organization_by_id_api_v1_organizations__organization_id__get', 'update_organization_api_v1_organizations__organization_id__patch', 'list_roles_api_v1_roles_get', 'get_role_by_id_api_v1_roles__role_id__get', 'get_role_by_name_api_v1_roles_by_name__role_name__get', 'list_permissions_api_v1_permissions_get', 'get_permission_by_code_api_v1_permissions__permission_code__get', 'list_persons_api_v1_persons_get', 'create_person_api_v1_persons_post', 'get_person_api_v1_persons__person_id__get', 'update_person_api_v1_persons__person_id__put', 'delete_person_api_v1_persons__person_id__delete', 'list_person_contacts_api_v1_persons__person_id__contacts_get', 'create_person_contact_api_v1_persons__person_id__contacts_post', 'get_person_contact_api_v1_persons__person_id__contacts__contact_id__get', 'update_person_contact_api_v1_persons__person_id__contacts__contact_id__put', 'delete_person_contact_api_v1_persons__person_id__contacts__contact_id__delete', 'list_person_addresses_api_v1_persons__person_id__addresses_get', 'create_person_address_api_v1_persons__person_id__addresses_post', 'get_person_address_api_v1_persons__person_id__addresses__address_id__get', 'update_person_address_api_v1_persons__person_id__addresses__address_id__put', 'delete_person_address_api_v1_persons__person_id__addresses__address_id__delete', 'list_person_documents_api_v1_persons__person_id__documents_get', 'create_person_document_api_v1_persons__person_id__documents_post', 'get_person_document_api_v1_persons__person_id__documents__document_id__get', 'update_person_document_api_v1_persons__person_id__documents__document_id__put', 'delete_person_document_api_v1_persons__person_id__documents__document_id__delete', 'list_person_media_api_v1_persons__person_id__media_get', 'create_person_media_api_v1_persons__person_id__media_post', 'get_person_media_api_v1_persons__person_id__media__media_id__get', 'update_person_media_api_v1_persons__person_id__media__media_id__put', 'delete_person_media_api_v1_persons__person_id__media__media_id__delete', 'create_unified_registration_api_v1_unified_registration_post', 'get_creation_permissions_api_v1_unified_registration_permissions_get', 'create_ficha_unica_api_v1_intake_ficha_unica_post', 'validate_ficha_unica_api_v1_intake_ficha_unica_validate_post', 'dry_run_ficha_unica_api_v1_intake_ficha_unica_dry_run_post', 'autocomplete_organizations_api_v1_intake_organizations_autocomplete_get', 'autocomplete_seasons_api_v1_intake_seasons_autocomplete_get', 'autocomplete_teams_api_v1_intake_teams_autocomplete_get', 'sign_cloudinary_upload_api_v1_intake_media_cloudinary_sign_post', 'save_person_media_api_v1_intake_persons__person_id__media_post', 'sign_upload_api_v1_media_sign_upload_get', 'validate_upload_url_api_v1_media_validate_url_get', 'get_offensive_positions_api_v1_positions_offensive_get', 'get_defensive_positions_api_v1_positions_defensive_get', 'get_schooling_levels_api_v1_schooling_levels_get', 'get_training_performance_report_api_v1_reports_training_performance_get', 'get_training_trends_api_v1_reports_training_trends_get', 'refresh_training_performance_api_v1_reports_refresh_training_performance_post', 'get_athlete_individual_report_api_v1_reports_athletes__athlete_id__get', 'list_athlete_reports_api_v1_reports_athletes_get', 'get_wellness_summary_report_api_v1_reports_wellness_summary_get', 'get_wellness_trends_api_v1_reports_wellness_trends_get', 'get_medical_summary_report_api_v1_reports_medical_summary_get', 'get_athlete_medical_history_api_v1_reports_athletes__athlete_id__medical_history_get', 'get_attendance_report_api_v1_reports_attendance_get', 'get_minutes_report_api_v1_reports_minutes_get', 'get_load_report_api_v1_reports_load_get', 'refresh_specific_view_api_v1_reports_refresh__view_name__post', 'refresh_all_views_api_v1_reports_refresh_all_post', 'get_views_stats_api_v1_reports_stats_get', 'get_team_training_game_correlation_api_v1_reports_team_training_game_correlation_get', 'get_operational_session_api_v1_reports_operational_session_get', 'get_athlete_self_api_v1_reports_athlete_self_get', 'get_dashboard_summary_api_v1_dashboard_summary_get', 'invalidate_cache_api_v1_dashboard_invalidate_cache_post', 'get_team_dashboard_summary_api_v1_dashboard_teams__team_id__summary_get', 'root__get']
E   assert 'health_check_api_v1_health_get' in ['health_api_v1_health_get', 'liveness_api_v1_health_liveness_get', 'readiness_api_v1_health_readiness_get', 'health_full_api_v1_health_full_get', 'neon_check_and_seed_api_v1_admin_neon_check_and_seed_get', 'health_utc_season_api_v1_admin_health_utc_season_get', ...]
============================== warnings summary ===============================
tests\conftest.py:19
  C:\HB TRACK\Hb Track - Backend\tests\conftest.py:19: DeprecationWarning: 'asyncio.WindowsSelectorEventLoopPolicy' is deprecated and slated for removal in Python 3.16
    if sys.platform.startswith("win") and hasattr(asyncio, "WindowsSelectorEventLoopPolicy"):

tests\conftest.py:20
  C:\HB TRACK\Hb Track - Backend\tests\conftest.py:20: DeprecationWarning: 'asyncio.WindowsSelectorEventLoopPolicy' is deprecated and slated for removal in Python 3.16
    asyncio.set_event_loop_policy(asyncio.WindowsSelectorEventLoopPolicy())

tests\conftest.py:20
  C:\HB TRACK\Hb Track - Backend\tests\conftest.py:20: DeprecationWarning: 'asyncio.set_event_loop_policy' is deprecated and slated for removal in Python 3.16
    asyncio.set_event_loop_policy(asyncio.WindowsSelectorEventLoopPolicy())

app\main.py:22
app\main.py:22
app\main.py:22
app\main.py:22
app\main.py:22
app\main.py:22
app\main.py:22
  C:\HB TRACK\Hb Track - Backend\app\main.py:22: DeprecationWarning: 'HTTP_422_UNPROCESSABLE_ENTITY' is deprecated. Use 'HTTP_422_UNPROCESSABLE_CONTENT' instead.
    from app.core.exceptions import NotFoundError, ForbiddenError, ValidationError, ConflictError

app\schemas\training_alerts_step18.py:26
  C:\HB TRACK\Hb Track - Backend\app\schemas\training_alerts_step18.py:26: PydanticDeprecatedSince20: Support for class-based `config` is deprecated, use ConfigDict instead. Deprecated in Pydantic V2.0 to be removed in V3.0. See Pydantic V2 Migration Guide at https://errors.pydantic.dev/2.12/migration/
    class SuggestionCreate(BaseModel):

app\schemas\training_alerts_step18.py:56
  C:\HB TRACK\Hb Track - Backend\app\schemas\training_alerts_step18.py:56: PydanticDeprecatedSince20: Support for class-based `config` is deprecated, use ConfigDict instead. Deprecated in Pydantic V2.0 to be removed in V3.0. See Pydantic V2 Migration Guide at https://errors.pydantic.dev/2.12/migration/
    class SuggestionApply(BaseModel):

app\schemas\training_alerts_step18.py:76
  C:\HB TRACK\Hb Track - Backend\app\schemas\training_alerts_step18.py:76: PydanticDeprecatedSince20: Support for class-based `config` is deprecated, use ConfigDict instead. Deprecated in Pydantic V2.0 to be removed in V3.0. See Pydantic V2 Migration Guide at https://errors.pydantic.dev/2.12/migration/
    class SuggestionDismiss(BaseModel):

app\schemas\training_alerts_step18.py:88
  C:\HB TRACK\Hb Track - Backend\app\schemas\training_alerts_step18.py:88: PydanticDeprecatedSince20: Support for class-based `config` is deprecated, use ConfigDict instead. Deprecated in Pydantic V2.0 to be removed in V3.0. See Pydantic V2 Migration Guide at https://errors.pydantic.dev/2.12/migration/
    class SuggestionResponse(BaseModel):

app\schemas\training_alerts_step18.py:133
  C:\HB TRACK\Hb Track - Backend\app\schemas\training_alerts_step18.py:133: PydanticDeprecatedSince20: Support for class-based `config` is deprecated, use ConfigDict instead. Deprecated in Pydantic V2.0 to be removed in V3.0. See Pydantic V2 Migration Guide at https://errors.pydantic.dev/2.12/migration/
    class SuggestionListResponse(BaseModel):

app\schemas\training_alerts_step18.py:153
  C:\HB TRACK\Hb Track - Backend\app\schemas\training_alerts_step18.py:153: PydanticDeprecatedSince20: Support for class-based `config` is deprecated, use ConfigDict instead. Deprecated in Pydantic V2.0 to be removed in V3.0. See Pydantic V2 Migration Guide at https://errors.pydantic.dev/2.12/migration/
    class SuggestionStatsResponse(BaseModel):

app\schemas\training_alerts_step18.py:180
  C:\HB TRACK\Hb Track - Backend\app\schemas\training_alerts_step18.py:180: PydanticDeprecatedSince20: Support for class-based `config` is deprecated, use ConfigDict instead. Deprecated in Pydantic V2.0 to be removed in V3.0. See Pydantic V2 Migration Guide at https://errors.pydantic.dev/2.12/migration/
    class SuggestionFilters(BaseModel):

app\schemas\person.py:275
  C:\HB TRACK\Hb Track - Backend\app\schemas\person.py:275: PydanticDeprecatedSince20: Support for class-based `config` is deprecated, use ConfigDict instead. Deprecated in Pydantic V2.0 to be removed in V3.0. See Pydantic V2 Migration Guide at https://errors.pydantic.dev/2.12/migration/
    class PersonResponse(PersonBase, BaseResponseSchema, SoftDeleteMixin):

app\schemas\person.py:298
  C:\HB TRACK\Hb Track - Backend\app\schemas\person.py:298: PydanticDeprecatedSince20: Support for class-based `config` is deprecated, use ConfigDict instead. Deprecated in Pydantic V2.0 to be removed in V3.0. See Pydantic V2 Migration Guide at https://errors.pydantic.dev/2.12/migration/
    class PersonListResponse(BaseModel):

app\schemas\intake\ficha_unica.py:457
  C:\HB TRACK\Hb Track - Backend\app\schemas\intake\ficha_unica.py:457: PydanticDeprecatedSince20: Support for class-based `config` is deprecated, use ConfigDict instead. Deprecated in Pydantic V2.0 to be removed in V3.0. See Pydantic V2 Migration Guide at https://errors.pydantic.dev/2.12/migration/
    class FichaUnicaResponse(BaseModel):

app\schemas\intake\ficha_unica.py:551
  C:\HB TRACK\Hb Track - Backend\app\schemas\intake\ficha_unica.py:551: PydanticDeprecatedSince20: Support for class-based `config` is deprecated, use ConfigDict instead. Deprecated in Pydantic V2.0 to be removed in V3.0. See Pydantic V2 Migration Guide at https://errors.pydantic.dev/2.12/migration/
    class OrganizationAutocompleteItem(BaseModel):

app\schemas\intake\ficha_unica.py:567
  C:\HB TRACK\Hb Track - Backend\app\schemas\intake\ficha_unica.py:567: PydanticDeprecatedSince20: Support for class-based `config` is deprecated, use ConfigDict instead. Deprecated in Pydantic V2.0 to be removed in V3.0. See Pydantic V2 Migration Guide at https://errors.pydantic.dev/2.12/migration/
    class TeamAutocompleteItem(BaseModel):

app\api\v1\routers\lookup.py:29
  C:\HB TRACK\Hb Track - Backend\app\api\v1\routers\lookup.py:29: PydanticDeprecatedSince20: Support for class-based `config` is deprecated, use ConfigDict instead. Deprecated in Pydantic V2.0 to be removed in V3.0. See Pydantic V2 Migration Guide at https://errors.pydantic.dev/2.12/migration/
    class PositionResponse(BaseModel):

app\api\v1\routers\lookup.py:37
  C:\HB TRACK\Hb Track - Backend\app\api\v1\routers\lookup.py:37: PydanticDeprecatedSince20: Support for class-based `config` is deprecated, use ConfigDict instead. Deprecated in Pydantic V2.0 to be removed in V3.0. See Pydantic V2 Migration Guide at https://errors.pydantic.dev/2.12/migration/
    class CategoryResponse(BaseModel):

app\api\v1\routers\lookup.py:47
  C:\HB TRACK\Hb Track - Backend\app\api\v1\routers\lookup.py:47: PydanticDeprecatedSince20: Support for class-based `config` is deprecated, use ConfigDict instead. Deprecated in Pydantic V2.0 to be removed in V3.0. See Pydantic V2 Migration Guide at https://errors.pydantic.dev/2.12/migration/
    class SchoolingLevelResponse(BaseModel):

app\api\v1\routers\lookup.py:54
  C:\HB TRACK\Hb Track - Backend\app\api\v1\routers\lookup.py:54: PydanticDeprecatedSince20: Support for class-based `config` is deprecated, use ConfigDict instead. Deprecated in Pydantic V2.0 to be removed in V3.0. See Pydantic V2 Migration Guide at https://errors.pydantic.dev/2.12/migration/
    class OrganizationResponse(BaseModel):

app\api\v1\routers\lookup.py:61
  C:\HB TRACK\Hb Track - Backend\app\api\v1\routers\lookup.py:61: PydanticDeprecatedSince20: Support for class-based `config` is deprecated, use ConfigDict instead. Deprecated in Pydantic V2.0 to be removed in V3.0. See Pydantic V2 Migration Guide at https://errors.pydantic.dev/2.12/migration/
    class TeamResponse(BaseModel):

app\api\v1\routers\lookup.py:71
  C:\HB TRACK\Hb Track - Backend\app\api\v1\routers\lookup.py:71: PydanticDeprecatedSince20: Support for class-based `config` is deprecated, use ConfigDict instead. Deprecated in Pydantic V2.0 to be removed in V3.0. See Pydantic V2 Migration Guide at https://errors.pydantic.dev/2.12/migration/
    class SeasonResponse(BaseModel):

..\..\Users\davis\AppData\Local\Programs\Python\Python314\Lib\site-packages\slowapi\extension.py:717
..\..\Users\davis\AppData\Local\Programs\Python\Python314\Lib\site-packages\slowapi\extension.py:717
..\..\Users\davis\AppData\Local\Programs\Python\Python314\Lib\site-packages\slowapi\extension.py:717
  C:\Users\davis\AppData\Local\Programs\Python\Python314\Lib\site-packages\slowapi\extension.py:717: DeprecationWarning: 'asyncio.iscoroutinefunction' is deprecated and slated for removal in Python 3.16; use inspect.iscoroutinefunction() instead
    if asyncio.iscoroutinefunction(func):

app\api\v1\routers\media.py:37
  C:\HB TRACK\Hb Track - Backend\app\api\v1\routers\media.py:37: PydanticDeprecatedSince20: Support for class-based `config` is deprecated, use ConfigDict instead. Deprecated in Pydantic V2.0 to be removed in V3.0. See Pydantic V2 Migration Guide at https://errors.pydantic.dev/2.12/migration/
    class CloudinarySignatureResponse(BaseModel):

app\schemas\exercise_tags.py:19
  C:\HB TRACK\Hb Track - Backend\app\schemas\exercise_tags.py:19: PydanticDeprecatedSince20: Support for class-based `config` is deprecated, use ConfigDict instead. Deprecated in Pydantic V2.0 to be removed in V3.0. See Pydantic V2 Migration Guide at https://errors.pydantic.dev/2.12/migration/
    class ExerciseTagResponse(ExerciseTagBase):

app\schemas\exercise_tags.py:29
  C:\HB TRACK\Hb Track - Backend\app\schemas\exercise_tags.py:29: PydanticDeprecatedSince20: The `update_forward_refs` method is deprecated; use `model_rebuild` instead. Deprecated in Pydantic V2.0 to be removed in V3.0. See Pydantic V2 Migration Guide at https://errors.pydantic.dev/2.12/migration/
    ExerciseTagResponse.update_forward_refs()

app\schemas\exercises.py:38
  C:\HB TRACK\Hb Track - Backend\app\schemas\exercises.py:38: PydanticDeprecatedSince20: Support for class-based `config` is deprecated, use ConfigDict instead. Deprecated in Pydantic V2.0 to be removed in V3.0. See Pydantic V2 Migration Guide at https://errors.pydantic.dev/2.12/migration/
    class ExerciseResponse(ExerciseBase):

app\schemas\exercise_favorites.py:8
  C:\HB TRACK\Hb Track - Backend\app\schemas\exercise_favorites.py:8: PydanticDeprecatedSince20: Support for class-based `config` is deprecated, use ConfigDict instead. Deprecated in Pydantic V2.0 to be removed in V3.0. See Pydantic V2 Migration Guide at https://errors.pydantic.dev/2.12/migration/
    class ExerciseFavoriteResponse(BaseModel):

app\schemas\athletes_v2.py:198
  C:\HB TRACK\Hb Track - Backend\app\schemas\athletes_v2.py:198: PydanticDeprecatedSince20: Support for class-based `config` is deprecated, use ConfigDict instead. Deprecated in Pydantic V2.0 to be removed in V3.0. See Pydantic V2 Migration Guide at https://errors.pydantic.dev/2.12/migration/
    class AthleteResponse(BaseModel):

app\schemas\athletes_v2.py:279
  C:\HB TRACK\Hb Track - Backend\app\schemas\athletes_v2.py:279: PydanticDeprecatedSince20: Support for class-based `config` is deprecated, use ConfigDict instead. Deprecated in Pydantic V2.0 to be removed in V3.0. See Pydantic V2 Migration Guide at https://errors.pydantic.dev/2.12/migration/
    class AthleteStateHistoryResponse(BaseModel):

..\..\Users\davis\AppData\Local\Programs\Python\Python314\Lib\site-packages\google\genai\types.py:43
  C:\Users\davis\AppData\Local\Programs\Python\Python314\Lib\site-packages\google\genai\types.py:43: DeprecationWarning: '_UnionGenericAlias' is deprecated and slated for removal in Python 3.17
    VersionedUnionType = Union[builtin_types.UnionType, _UnionGenericAlias]

app\schemas\training_alerts.py:25
  C:\HB TRACK\Hb Track - Backend\app\schemas\training_alerts.py:25: PydanticDeprecatedSince20: Support for class-based `config` is deprecated, use ConfigDict instead. Deprecated in Pydantic V2.0 to be removed in V3.0. See Pydantic V2 Migration Guide at https://errors.pydantic.dev/2.12/migration/
    class AlertCreate(BaseModel):

app\schemas\training_alerts.py:50
  C:\HB TRACK\Hb Track - Backend\app\schemas\training_alerts.py:50: PydanticDeprecatedSince20: Support for class-based `config` is deprecated, use ConfigDict instead. Deprecated in Pydantic V2.0 to be removed in V3.0. See Pydantic V2 Migration Guide at https://errors.pydantic.dev/2.12/migration/
    class AlertUpdate(BaseModel):

app\schemas\training_alerts.py:62
  C:\HB TRACK\Hb Track - Backend\app\schemas\training_alerts.py:62: PydanticDeprecatedSince20: Support for class-based `config` is deprecated, use ConfigDict instead. Deprecated in Pydantic V2.0 to be removed in V3.0. See Pydantic V2 Migration Guide at https://errors.pydantic.dev/2.12/migration/
    class AlertResponse(BaseModel):

app\schemas\training_alerts.py:103
  C:\HB TRACK\Hb Track - Backend\app\schemas\training_alerts.py:103: PydanticDeprecatedSince20: Support for class-based `config` is deprecated, use ConfigDict instead. Deprecated in Pydantic V2.0 to be removed in V3.0. See Pydantic V2 Migration Guide at https://errors.pydantic.dev/2.12/migration/
    class AlertListResponse(BaseModel):

app\schemas\training_alerts.py:123
  C:\HB TRACK\Hb Track - Backend\app\schemas\training_alerts.py:123: PydanticDeprecatedSince20: Support for class-based `config` is deprecated, use ConfigDict instead. Deprecated in Pydantic V2.0 to be removed in V3.0. See Pydantic V2 Migration Guide at https://errors.pydantic.dev/2.12/migration/
    class AlertStatsResponse(BaseModel):

app\schemas\training_alerts.py:150
  C:\HB TRACK\Hb Track - Backend\app\schemas\training_alerts.py:150: PydanticDeprecatedSince20: Support for class-based `config` is deprecated, use ConfigDict instead. Deprecated in Pydantic V2.0 to be removed in V3.0. See Pydantic V2 Migration Guide at https://errors.pydantic.dev/2.12/migration/
    class AlertFilters(BaseModel):

app\schemas\training_analytics.py:54
  C:\HB TRACK\Hb Track - Backend\app\schemas\training_analytics.py:54: PydanticDeprecatedSince20: Support for class-based `config` is deprecated, use ConfigDict instead. Deprecated in Pydantic V2.0 to be removed in V3.0. See Pydantic V2 Migration Guide at https://errors.pydantic.dev/2.12/migration/
    class TeamSummaryResponse(BaseModel):

app\schemas\training_analytics.py:95
  C:\HB TRACK\Hb Track - Backend\app\schemas\training_analytics.py:95: PydanticDeprecatedSince20: Support for class-based `config` is deprecated, use ConfigDict instead. Deprecated in Pydantic V2.0 to be removed in V3.0. See Pydantic V2 Migration Guide at https://errors.pydantic.dev/2.12/migration/
    class WeeklyLoadResponse(BaseModel):

app\schemas\training_analytics.py:131
  C:\HB TRACK\Hb Track - Backend\app\schemas\training_analytics.py:131: PydanticDeprecatedSince20: Support for class-based `config` is deprecated, use ConfigDict instead. Deprecated in Pydantic V2.0 to be removed in V3.0. See Pydantic V2 Migration Guide at https://errors.pydantic.dev/2.12/migration/
    class DeviationAnalysisResponse(BaseModel):

app\schemas\dashboard.py:157
  C:\HB TRACK\Hb Track - Backend\app\schemas\dashboard.py:157: PydanticDeprecatedSince20: Support for class-based `config` is deprecated, use ConfigDict instead. Deprecated in Pydantic V2.0 to be removed in V3.0. See Pydantic V2 Migration Guide at https://errors.pydantic.dev/2.12/migration/
    class DashboardSummaryResponse(BaseModel):

app\main.py:311
  C:\HB TRACK\Hb Track - Backend\app\main.py:311: DeprecationWarning: 
          on_event is deprecated, use lifespan event handlers instead.
  
          Read more about it in the
          [FastAPI docs for Lifespan Events](https://fastapi.tiangolo.com/advanced/events/).
          
    @app.on_event("startup")

..\..\Users\davis\AppData\Local\Programs\Python\Python314\Lib\site-packages\fastapi\applications.py:4576
..\..\Users\davis\AppData\Local\Programs\Python\Python314\Lib\site-packages\fastapi\applications.py:4576
  C:\Users\davis\AppData\Local\Programs\Python\Python314\Lib\site-packages\fastapi\applications.py:4576: DeprecationWarning: 
          on_event is deprecated, use lifespan event handlers instead.
  
          Read more about it in the
          [FastAPI docs for Lifespan Events](https://fastapi.tiangolo.com/advanced/events/).
          
    return self.router.on_event(event_type)

app\main.py:354
  C:\HB TRACK\Hb Track - Backend\app\main.py:354: DeprecationWarning: 
          on_event is deprecated, use lifespan event handlers instead.
  
          Read more about it in the
          [FastAPI docs for Lifespan Events](https://fastapi.tiangolo.com/advanced/events/).
          
    @app.on_event("shutdown")

-- Docs: https://docs.pytest.org/en/stable/how-to/capture-warnings.html
=========================== short test summary info ===========================
FAILED tests/training/invariants/test_inv_train_040_health_contract.py::TestInvTrain040HealthContract::test_operation_id_exists_in_openapi
================== 1 failed, 2 passed, 53 warnings in 0.77s ===================
