============================= test session starts =============================
platform win32 -- Python 3.14.2, pytest-9.0.2, pluggy-1.6.0 -- C:\HB TRACK\Hb Track - Backend\venv\Scripts\python.exe
cachedir: .pytest_cache
hypothesis profile 'default'
rootdir: C:\HB TRACK\Hb Track - Backend
configfile: pytest.ini
plugins: anyio-4.12.0, hypothesis-6.151.2, asyncio-1.3.0, cov-7.0.0, schemathesis-4.9.4
asyncio: mode=Mode.STRICT, debug=False, asyncio_default_fixture_loop_scope=None, asyncio_default_test_loop_scope=function
collecting ... collected 3 items

tests/training/invariants/test_inv_train_016_attendance_auth_scoped.py::TestInvTrain016AttendanceAuthScoped::test_attendance_route_without_auth_returns_401 PASSED [ 33%]
tests/training/invariants/test_inv_train_016_attendance_auth_scoped.py::TestInvTrain016AttendanceAuthScoped::test_scoped_attendance_route_not_exposed_returns_404 PASSED [ 66%]
tests/training/invariants/test_inv_train_016_attendance_auth_scoped.py::TestInvTrain016AttendanceAuthScoped::test_authenticated_request_bypasses_auth_guard SKIPPED [100%]

============================== warnings summary ===============================
tests\conftest.py:19
  C:\HB TRACK\Hb Track - Backend\tests\conftest.py:19: DeprecationWarning: 'asyncio.WindowsSelectorEventLoopPolicy' is deprecated and slated for removal in Python 3.16
    if sys.platform.startswith("win") and hasattr(asyncio, "WindowsSelectorEventLoopPolicy"):

tests\conftest.py:20
  C:\HB TRACK\Hb Track - Backend\tests\conftest.py:20: DeprecationWarning: 'asyncio.WindowsSelectorEventLoopPolicy' is deprecated and slated for removal in Python 3.16
    asyncio.set_event_loop_policy(asyncio.WindowsSelectorEventLoopPolicy())

tests\conftest.py:20
  C:\HB TRACK\Hb Track - Backend\tests\conftest.py:20: DeprecationWarning: 'asyncio.set_event_loop_policy' is deprecated and slated for removal in Python 3.16
    asyncio.set_event_loop_policy(asyncio.WindowsSelectorEventLoopPolicy())

app\main.py:22
app\main.py:22
app\main.py:22
app\main.py:22
app\main.py:22
app\main.py:22
app\main.py:22
  C:\HB TRACK\Hb Track - Backend\app\main.py:22: DeprecationWarning: 'HTTP_422_UNPROCESSABLE_ENTITY' is deprecated. Use 'HTTP_422_UNPROCESSABLE_CONTENT' instead.
    from app.core.exceptions import NotFoundError, ForbiddenError, ValidationError, ConflictError

app\schemas\training_alerts_step18.py:26
  C:\HB TRACK\Hb Track - Backend\app\schemas\training_alerts_step18.py:26: PydanticDeprecatedSince20: Support for class-based `config` is deprecated, use ConfigDict instead. Deprecated in Pydantic V2.0 to be removed in V3.0. See Pydantic V2 Migration Guide at https://errors.pydantic.dev/2.12/migration/
    class SuggestionCreate(BaseModel):

app\schemas\training_alerts_step18.py:56
  C:\HB TRACK\Hb Track - Backend\app\schemas\training_alerts_step18.py:56: PydanticDeprecatedSince20: Support for class-based `config` is deprecated, use ConfigDict instead. Deprecated in Pydantic V2.0 to be removed in V3.0. See Pydantic V2 Migration Guide at https://errors.pydantic.dev/2.12/migration/
    class SuggestionApply(BaseModel):

app\schemas\training_alerts_step18.py:76
  C:\HB TRACK\Hb Track - Backend\app\schemas\training_alerts_step18.py:76: PydanticDeprecatedSince20: Support for class-based `config` is deprecated, use ConfigDict instead. Deprecated in Pydantic V2.0 to be removed in V3.0. See Pydantic V2 Migration Guide at https://errors.pydantic.dev/2.12/migration/
    class SuggestionDismiss(BaseModel):

app\schemas\training_alerts_step18.py:88
  C:\HB TRACK\Hb Track - Backend\app\schemas\training_alerts_step18.py:88: PydanticDeprecatedSince20: Support for class-based `config` is deprecated, use ConfigDict instead. Deprecated in Pydantic V2.0 to be removed in V3.0. See Pydantic V2 Migration Guide at https://errors.pydantic.dev/2.12/migration/
    class SuggestionResponse(BaseModel):

app\schemas\training_alerts_step18.py:133
  C:\HB TRACK\Hb Track - Backend\app\schemas\training_alerts_step18.py:133: PydanticDeprecatedSince20: Support for class-based `config` is deprecated, use ConfigDict instead. Deprecated in Pydantic V2.0 to be removed in V3.0. See Pydantic V2 Migration Guide at https://errors.pydantic.dev/2.12/migration/
    class SuggestionListResponse(BaseModel):

app\schemas\training_alerts_step18.py:153
  C:\HB TRACK\Hb Track - Backend\app\schemas\training_alerts_step18.py:153: PydanticDeprecatedSince20: Support for class-based `config` is deprecated, use ConfigDict instead. Deprecated in Pydantic V2.0 to be removed in V3.0. See Pydantic V2 Migration Guide at https://errors.pydantic.dev/2.12/migration/
    class SuggestionStatsResponse(BaseModel):

app\schemas\training_alerts_step18.py:180
  C:\HB TRACK\Hb Track - Backend\app\schemas\training_alerts_step18.py:180: PydanticDeprecatedSince20: Support for class-based `config` is deprecated, use ConfigDict instead. Deprecated in Pydantic V2.0 to be removed in V3.0. See Pydantic V2 Migration Guide at https://errors.pydantic.dev/2.12/migration/
    class SuggestionFilters(BaseModel):

app\schemas\person.py:275
  C:\HB TRACK\Hb Track - Backend\app\schemas\person.py:275: PydanticDeprecatedSince20: Support for class-based `config` is deprecated, use ConfigDict instead. Deprecated in Pydantic V2.0 to be removed in V3.0. See Pydantic V2 Migration Guide at https://errors.pydantic.dev/2.12/migration/
    class PersonResponse(PersonBase, BaseResponseSchema, SoftDeleteMixin):

app\schemas\person.py:298
  C:\HB TRACK\Hb Track - Backend\app\schemas\person.py:298: PydanticDeprecatedSince20: Support for class-based `config` is deprecated, use ConfigDict instead. Deprecated in Pydantic V2.0 to be removed in V3.0. See Pydantic V2 Migration Guide at https://errors.pydantic.dev/2.12/migration/
    class PersonListResponse(BaseModel):

app\schemas\intake\ficha_unica.py:457
  C:\HB TRACK\Hb Track - Backend\app\schemas\intake\ficha_unica.py:457: PydanticDeprecatedSince20: Support for class-based `config` is deprecated, use ConfigDict instead. Deprecated in Pydantic V2.0 to be removed in V3.0. See Pydantic V2 Migration Guide at https://errors.pydantic.dev/2.12/migration/
    class FichaUnicaResponse(BaseModel):

app\schemas\intake\ficha_unica.py:551
  C:\HB TRACK\Hb Track - Backend\app\schemas\intake\ficha_unica.py:551: PydanticDeprecatedSince20: Support for class-based `config` is deprecated, use ConfigDict instead. Deprecated in Pydantic V2.0 to be removed in V3.0. See Pydantic V2 Migration Guide at https://errors.pydantic.dev/2.12/migration/
    class OrganizationAutocompleteItem(BaseModel):

app\schemas\intake\ficha_unica.py:567
  C:\HB TRACK\Hb Track - Backend\app\schemas\intake\ficha_unica.py:567: PydanticDeprecatedSince20: Support for class-based `config` is deprecated, use ConfigDict instead. Deprecated in Pydantic V2.0 to be removed in V3.0. See Pydantic V2 Migration Guide at https://errors.pydantic.dev/2.12/migration/
    class TeamAutocompleteItem(BaseModel):

app\api\v1\routers\lookup.py:29
  C:\HB TRACK\Hb Track - Backend\app\api\v1\routers\lookup.py:29: PydanticDeprecatedSince20: Support for class-based `config` is deprecated, use ConfigDict instead. Deprecated in Pydantic V2.0 to be removed in V3.0. See Pydantic V2 Migration Guide at https://errors.pydantic.dev/2.12/migration/
    class PositionResponse(BaseModel):

app\api\v1\routers\lookup.py:37
  C:\HB TRACK\Hb Track - Backend\app\api\v1\routers\lookup.py:37: PydanticDeprecatedSince20: Support for class-based `config` is deprecated, use ConfigDict instead. Deprecated in Pydantic V2.0 to be removed in V3.0. See Pydantic V2 Migration Guide at https://errors.pydantic.dev/2.12/migration/
    class CategoryResponse(BaseModel):

app\api\v1\routers\lookup.py:47
  C:\HB TRACK\Hb Track - Backend\app\api\v1\routers\lookup.py:47: PydanticDeprecatedSince20: Support for class-based `config` is deprecated, use ConfigDict instead. Deprecated in Pydantic V2.0 to be removed in V3.0. See Pydantic V2 Migration Guide at https://errors.pydantic.dev/2.12/migration/
    class SchoolingLevelResponse(BaseModel):

app\api\v1\routers\lookup.py:54
  C:\HB TRACK\Hb Track - Backend\app\api\v1\routers\lookup.py:54: PydanticDeprecatedSince20: Support for class-based `config` is deprecated, use ConfigDict instead. Deprecated in Pydantic V2.0 to be removed in V3.0. See Pydantic V2 Migration Guide at https://errors.pydantic.dev/2.12/migration/
    class OrganizationResponse(BaseModel):

app\api\v1\routers\lookup.py:61
  C:\HB TRACK\Hb Track - Backend\app\api\v1\routers\lookup.py:61: PydanticDeprecatedSince20: Support for class-based `config` is deprecated, use ConfigDict instead. Deprecated in Pydantic V2.0 to be removed in V3.0. See Pydantic V2 Migration Guide at https://errors.pydantic.dev/2.12/migration/
    class TeamResponse(BaseModel):

app\api\v1\routers\lookup.py:71
  C:\HB TRACK\Hb Track - Backend\app\api\v1\routers\lookup.py:71: PydanticDeprecatedSince20: Support for class-based `config` is deprecated, use ConfigDict instead. Deprecated in Pydantic V2.0 to be removed in V3.0. See Pydantic V2 Migration Guide at https://errors.pydantic.dev/2.12/migration/
    class SeasonResponse(BaseModel):

venv\Lib\site-packages\slowapi\extension.py:717
venv\Lib\site-packages\slowapi\extension.py:717
venv\Lib\site-packages\slowapi\extension.py:717
  C:\HB TRACK\Hb Track - Backend\venv\Lib\site-packages\slowapi\extension.py:717: DeprecationWarning: 'asyncio.iscoroutinefunction' is deprecated and slated for removal in Python 3.16; use inspect.iscoroutinefunction() instead
    if asyncio.iscoroutinefunction(func):

app\api\v1\routers\media.py:37
  C:\HB TRACK\Hb Track - Backend\app\api\v1\routers\media.py:37: PydanticDeprecatedSince20: Support for class-based `config` is deprecated, use ConfigDict instead. Deprecated in Pydantic V2.0 to be removed in V3.0. See Pydantic V2 Migration Guide at https://errors.pydantic.dev/2.12/migration/
    class CloudinarySignatureResponse(BaseModel):

app\schemas\exercise_tags.py:19
  C:\HB TRACK\Hb Track - Backend\app\schemas\exercise_tags.py:19: PydanticDeprecatedSince20: Support for class-based `config` is deprecated, use ConfigDict instead. Deprecated in Pydantic V2.0 to be removed in V3.0. See Pydantic V2 Migration Guide at https://errors.pydantic.dev/2.12/migration/
    class ExerciseTagResponse(ExerciseTagBase):

app\schemas\exercise_tags.py:29
  C:\HB TRACK\Hb Track - Backend\app\schemas\exercise_tags.py:29: PydanticDeprecatedSince20: The `update_forward_refs` method is deprecated; use `model_rebuild` instead. Deprecated in Pydantic V2.0 to be removed in V3.0. See Pydantic V2 Migration Guide at https://errors.pydantic.dev/2.12/migration/
    ExerciseTagResponse.update_forward_refs()

app\schemas\exercises.py:38
  C:\HB TRACK\Hb Track - Backend\app\schemas\exercises.py:38: PydanticDeprecatedSince20: Support for class-based `config` is deprecated, use ConfigDict instead. Deprecated in Pydantic V2.0 to be removed in V3.0. See Pydantic V2 Migration Guide at https://errors.pydantic.dev/2.12/migration/
    class ExerciseResponse(ExerciseBase):

app\schemas\exercise_favorites.py:8
  C:\HB TRACK\Hb Track - Backend\app\schemas\exercise_favorites.py:8: PydanticDeprecatedSince20: Support for class-based `config` is deprecated, use ConfigDict instead. Deprecated in Pydantic V2.0 to be removed in V3.0. See Pydantic V2 Migration Guide at https://errors.pydantic.dev/2.12/migration/
    class ExerciseFavoriteResponse(BaseModel):

app\schemas\athletes_v2.py:198
  C:\HB TRACK\Hb Track - Backend\app\schemas\athletes_v2.py:198: PydanticDeprecatedSince20: Support for class-based `config` is deprecated, use ConfigDict instead. Deprecated in Pydantic V2.0 to be removed in V3.0. See Pydantic V2 Migration Guide at https://errors.pydantic.dev/2.12/migration/
    class AthleteResponse(BaseModel):

app\schemas\athletes_v2.py:279
  C:\HB TRACK\Hb Track - Backend\app\schemas\athletes_v2.py:279: PydanticDeprecatedSince20: Support for class-based `config` is deprecated, use ConfigDict instead. Deprecated in Pydantic V2.0 to be removed in V3.0. See Pydantic V2 Migration Guide at https://errors.pydantic.dev/2.12/migration/
    class AthleteStateHistoryResponse(BaseModel):

venv\Lib\site-packages\google\genai\types.py:43
  C:\HB TRACK\Hb Track - Backend\venv\Lib\site-packages\google\genai\types.py:43: DeprecationWarning: '_UnionGenericAlias' is deprecated and slated for removal in Python 3.17
    VersionedUnionType = Union[builtin_types.UnionType, _UnionGenericAlias]

app\schemas\training_alerts.py:25
  C:\HB TRACK\Hb Track - Backend\app\schemas\training_alerts.py:25: PydanticDeprecatedSince20: Support for class-based `config` is deprecated, use ConfigDict instead. Deprecated in Pydantic V2.0 to be removed in V3.0. See Pydantic V2 Migration Guide at https://errors.pydantic.dev/2.12/migration/
    class AlertCreate(BaseModel):

app\schemas\training_alerts.py:50
  C:\HB TRACK\Hb Track - Backend\app\schemas\training_alerts.py:50: PydanticDeprecatedSince20: Support for class-based `config` is deprecated, use ConfigDict instead. Deprecated in Pydantic V2.0 to be removed in V3.0. See Pydantic V2 Migration Guide at https://errors.pydantic.dev/2.12/migration/
    class AlertUpdate(BaseModel):

app\schemas\training_alerts.py:62
  C:\HB TRACK\Hb Track - Backend\app\schemas\training_alerts.py:62: PydanticDeprecatedSince20: Support for class-based `config` is deprecated, use ConfigDict instead. Deprecated in Pydantic V2.0 to be removed in V3.0. See Pydantic V2 Migration Guide at https://errors.pydantic.dev/2.12/migration/
    class AlertResponse(BaseModel):

app\schemas\training_alerts.py:103
  C:\HB TRACK\Hb Track - Backend\app\schemas\training_alerts.py:103: PydanticDeprecatedSince20: Support for class-based `config` is deprecated, use ConfigDict instead. Deprecated in Pydantic V2.0 to be removed in V3.0. See Pydantic V2 Migration Guide at https://errors.pydantic.dev/2.12/migration/
    class AlertListResponse(BaseModel):

app\schemas\training_alerts.py:123
  C:\HB TRACK\Hb Track - Backend\app\schemas\training_alerts.py:123: PydanticDeprecatedSince20: Support for class-based `config` is deprecated, use ConfigDict instead. Deprecated in Pydantic V2.0 to be removed in V3.0. See Pydantic V2 Migration Guide at https://errors.pydantic.dev/2.12/migration/
    class AlertStatsResponse(BaseModel):

app\schemas\training_alerts.py:150
  C:\HB TRACK\Hb Track - Backend\app\schemas\training_alerts.py:150: PydanticDeprecatedSince20: Support for class-based `config` is deprecated, use ConfigDict instead. Deprecated in Pydantic V2.0 to be removed in V3.0. See Pydantic V2 Migration Guide at https://errors.pydantic.dev/2.12/migration/
    class AlertFilters(BaseModel):

app\schemas\training_analytics.py:54
  C:\HB TRACK\Hb Track - Backend\app\schemas\training_analytics.py:54: PydanticDeprecatedSince20: Support for class-based `config` is deprecated, use ConfigDict instead. Deprecated in Pydantic V2.0 to be removed in V3.0. See Pydantic V2 Migration Guide at https://errors.pydantic.dev/2.12/migration/
    class TeamSummaryResponse(BaseModel):

app\schemas\training_analytics.py:95
  C:\HB TRACK\Hb Track - Backend\app\schemas\training_analytics.py:95: PydanticDeprecatedSince20: Support for class-based `config` is deprecated, use ConfigDict instead. Deprecated in Pydantic V2.0 to be removed in V3.0. See Pydantic V2 Migration Guide at https://errors.pydantic.dev/2.12/migration/
    class WeeklyLoadResponse(BaseModel):

app\schemas\training_analytics.py:131
  C:\HB TRACK\Hb Track - Backend\app\schemas\training_analytics.py:131: PydanticDeprecatedSince20: Support for class-based `config` is deprecated, use ConfigDict instead. Deprecated in Pydantic V2.0 to be removed in V3.0. See Pydantic V2 Migration Guide at https://errors.pydantic.dev/2.12/migration/
    class DeviationAnalysisResponse(BaseModel):

app\schemas\dashboard.py:157
  C:\HB TRACK\Hb Track - Backend\app\schemas\dashboard.py:157: PydanticDeprecatedSince20: Support for class-based `config` is deprecated, use ConfigDict instead. Deprecated in Pydantic V2.0 to be removed in V3.0. See Pydantic V2 Migration Guide at https://errors.pydantic.dev/2.12/migration/
    class DashboardSummaryResponse(BaseModel):

app\main.py:311
  C:\HB TRACK\Hb Track - Backend\app\main.py:311: DeprecationWarning: 
          on_event is deprecated, use lifespan event handlers instead.
  
          Read more about it in the
          [FastAPI docs for Lifespan Events](https://fastapi.tiangolo.com/advanced/events/).
          
    @app.on_event("startup")

venv\Lib\site-packages\fastapi\applications.py:4576
venv\Lib\site-packages\fastapi\applications.py:4576
  C:\HB TRACK\Hb Track - Backend\venv\Lib\site-packages\fastapi\applications.py:4576: DeprecationWarning: 
          on_event is deprecated, use lifespan event handlers instead.
  
          Read more about it in the
          [FastAPI docs for Lifespan Events](https://fastapi.tiangolo.com/advanced/events/).
          
    return self.router.on_event(event_type)

app\main.py:354
  C:\HB TRACK\Hb Track - Backend\app\main.py:354: DeprecationWarning: 
          on_event is deprecated, use lifespan event handlers instead.
  
          Read more about it in the
          [FastAPI docs for Lifespan Events](https://fastapi.tiangolo.com/advanced/events/).
          
    @app.on_event("shutdown")

-- Docs: https://docs.pytest.org/en/stable/how-to/capture-warnings.html
================== 2 passed, 1 skipped, 53 warnings in 1.24s ==================
